2026-02-10 17:38:58 [INFO] app.config: Config saved.
2026-02-10 17:38:58 [INFO] sentinela: Sentinela v1.0 - Starting on port 8080
2026-02-10 17:38:59 [INFO] app.server: Sentinela starting...
2026-02-10 17:38:59 [WARNING] app.streaming.mediamtx: MediaMTX not found at C:\Users\caram\OneDrive\Desktop\Cameras\tools\mediamtx\mediamtx.exe. Run setup.bat to download.
2026-02-10 17:38:59 [INFO] app.server: MediaMTX started.
2026-02-10 17:38:59 [INFO] app.server: Recorder started for 0 cameras.
2026-02-10 17:38:59 [INFO] app.server: Cloud sync ready.
2026-02-10 17:38:59 [INFO] app.server: Tunnel manager ready.
2026-02-10 17:38:59 [INFO] app.watchdog.health: Watchdog started (checking every 30s)
2026-02-10 17:38:59 [INFO] app.server: Watchdog started.
2026-02-10 17:38:59 [INFO] app.server: Sentinela running on http://0.0.0.0:8080
2026-02-10 17:38:59 [WARNING] app.watchdog.health: MediaMTX is down. Restarting...
2026-02-10 17:38:59 [WARNING] app.streaming.mediamtx: MediaMTX not found at C:\Users\caram\OneDrive\Desktop\Cameras\tools\mediamtx\mediamtx.exe. Run setup.bat to download.
2026-02-10 17:39:08 [WARNING] app.cameras.discovery: WSDiscovery not installed. Skipping ONVIF discovery.
2026-02-10 17:39:14 [INFO] app.config: Config saved.
2026-02-10 17:39:19 [INFO] app.cameras.discovery: Discovery complete: 0 cameras found
2026-02-10 17:39:29 [WARNING] app.watchdog.health: MediaMTX is down. Restarting...
2026-02-10 17:39:29 [WARNING] app.streaming.mediamtx: MediaMTX not found at C:\Users\caram\OneDrive\Desktop\Cameras\tools\mediamtx\mediamtx.exe. Run setup.bat to download.
2026-02-10 17:39:59 [WARNING] app.watchdog.health: MediaMTX is down. Restarting...
2026-02-10 17:39:59 [WARNING] app.streaming.mediamtx: MediaMTX not found at C:\Users\caram\OneDrive\Desktop\Cameras\tools\mediamtx\mediamtx.exe. Run setup.bat to download.
2026-02-10 17:40:29 [WARNING] app.watchdog.health: MediaMTX is down. Restarting...
2026-02-10 17:40:29 [WARNING] app.streaming.mediamtx: MediaMTX not found at C:\Users\caram\OneDrive\Desktop\Cameras\tools\mediamtx\mediamtx.exe. Run setup.bat to download.
2026-02-10 17:40:59 [WARNING] app.watchdog.health: MediaMTX is down. Restarting...
2026-02-10 17:40:59 [WARNING] app.streaming.mediamtx: MediaMTX not found at C:\Users\caram\OneDrive\Desktop\Cameras\tools\mediamtx\mediamtx.exe. Run setup.bat to download.
2026-02-10 17:41:29 [WARNING] app.watchdog.health: MediaMTX is down. Restarting...
2026-02-10 17:41:29 [WARNING] app.streaming.mediamtx: MediaMTX not found at C:\Users\caram\OneDrive\Desktop\Cameras\tools\mediamtx\mediamtx.exe. Run setup.bat to download.
2026-02-10 17:41:59 [WARNING] app.watchdog.health: MediaMTX is down. Restarting...
2026-02-10 17:41:59 [WARNING] app.streaming.mediamtx: MediaMTX not found at C:\Users\caram\OneDrive\Desktop\Cameras\tools\mediamtx\mediamtx.exe. Run setup.bat to download.
2026-02-10 17:42:29 [WARNING] app.watchdog.health: MediaMTX is down. Restarting...
2026-02-10 17:42:29 [WARNING] app.streaming.mediamtx: MediaMTX not found at C:\Users\caram\OneDrive\Desktop\Cameras\tools\mediamtx\mediamtx.exe. Run setup.bat to download.
2026-02-10 17:42:59 [WARNING] app.watchdog.health: MediaMTX is down. Restarting...
2026-02-10 17:42:59 [WARNING] app.streaming.mediamtx: MediaMTX not found at C:\Users\caram\OneDrive\Desktop\Cameras\tools\mediamtx\mediamtx.exe. Run setup.bat to download.
2026-02-10 17:50:24 [WARNING] app.watchdog.health: MediaMTX is down. Restarting...
2026-02-10 17:50:24 [WARNING] app.streaming.mediamtx: MediaMTX not found at C:\Users\caram\OneDrive\Desktop\Cameras\tools\mediamtx\mediamtx.exe. Run setup.bat to download.
2026-02-10 17:59:10 [WARNING] app.watchdog.health: MediaMTX is down. Restarting...
2026-02-10 17:59:10 [WARNING] app.streaming.mediamtx: MediaMTX not found at C:\Users\caram\OneDrive\Desktop\Cameras\tools\mediamtx\mediamtx.exe. Run setup.bat to download.
2026-02-10 17:59:40 [WARNING] app.watchdog.health: MediaMTX is down. Restarting...
2026-02-10 17:59:40 [WARNING] app.streaming.mediamtx: MediaMTX not found at C:\Users\caram\OneDrive\Desktop\Cameras\tools\mediamtx\mediamtx.exe. Run setup.bat to download.
2026-02-10 18:00:10 [WARNING] app.watchdog.health: MediaMTX is down. Restarting...
2026-02-10 18:00:10 [WARNING] app.streaming.mediamtx: MediaMTX not found at C:\Users\caram\OneDrive\Desktop\Cameras\tools\mediamtx\mediamtx.exe. Run setup.bat to download.
2026-02-10 18:00:40 [WARNING] app.watchdog.health: MediaMTX is down. Restarting...
2026-02-10 18:00:40 [WARNING] app.streaming.mediamtx: MediaMTX not found at C:\Users\caram\OneDrive\Desktop\Cameras\tools\mediamtx\mediamtx.exe. Run setup.bat to download.
2026-02-10 18:01:10 [WARNING] app.watchdog.health: MediaMTX is down. Restarting...
2026-02-10 18:01:10 [WARNING] app.streaming.mediamtx: MediaMTX not found at C:\Users\caram\OneDrive\Desktop\Cameras\tools\mediamtx\mediamtx.exe. Run setup.bat to download.
2026-02-10 18:01:40 [WARNING] app.watchdog.health: MediaMTX is down. Restarting...
2026-02-10 18:01:40 [WARNING] app.streaming.mediamtx: MediaMTX not found at C:\Users\caram\OneDrive\Desktop\Cameras\tools\mediamtx\mediamtx.exe. Run setup.bat to download.
2026-02-10 18:02:10 [WARNING] app.watchdog.health: MediaMTX is down. Restarting...
2026-02-10 18:02:10 [WARNING] app.streaming.mediamtx: MediaMTX not found at C:\Users\caram\OneDrive\Desktop\Cameras\tools\mediamtx\mediamtx.exe. Run setup.bat to download.
2026-02-10 18:02:40 [WARNING] app.watchdog.health: MediaMTX is down. Restarting...
2026-02-10 18:02:40 [WARNING] app.streaming.mediamtx: MediaMTX not found at C:\Users\caram\OneDrive\Desktop\Cameras\tools\mediamtx\mediamtx.exe. Run setup.bat to download.
2026-02-10 18:03:10 [WARNING] app.watchdog.health: MediaMTX is down. Restarting...
2026-02-10 18:03:10 [WARNING] app.streaming.mediamtx: MediaMTX not found at C:\Users\caram\OneDrive\Desktop\Cameras\tools\mediamtx\mediamtx.exe. Run setup.bat to download.
2026-02-10 18:03:40 [WARNING] app.watchdog.health: MediaMTX is down. Restarting...
2026-02-10 18:03:40 [WARNING] app.streaming.mediamtx: MediaMTX not found at C:\Users\caram\OneDrive\Desktop\Cameras\tools\mediamtx\mediamtx.exe. Run setup.bat to download.
2026-02-10 18:04:10 [WARNING] app.watchdog.health: MediaMTX is down. Restarting...
2026-02-10 18:04:10 [WARNING] app.streaming.mediamtx: MediaMTX not found at C:\Users\caram\OneDrive\Desktop\Cameras\tools\mediamtx\mediamtx.exe. Run setup.bat to download.
2026-02-10 18:04:40 [WARNING] app.watchdog.health: MediaMTX is down. Restarting...
2026-02-10 18:04:40 [WARNING] app.streaming.mediamtx: MediaMTX not found at C:\Users\caram\OneDrive\Desktop\Cameras\tools\mediamtx\mediamtx.exe. Run setup.bat to download.
2026-02-10 18:05:10 [WARNING] app.watchdog.health: MediaMTX is down. Restarting...
2026-02-10 18:05:10 [WARNING] app.streaming.mediamtx: MediaMTX not found at C:\Users\caram\OneDrive\Desktop\Cameras\tools\mediamtx\mediamtx.exe. Run setup.bat to download.
2026-02-10 18:05:40 [WARNING] app.watchdog.health: MediaMTX is down. Restarting...
2026-02-10 18:05:40 [WARNING] app.streaming.mediamtx: MediaMTX not found at C:\Users\caram\OneDrive\Desktop\Cameras\tools\mediamtx\mediamtx.exe. Run setup.bat to download.
2026-02-10 18:06:10 [WARNING] app.watchdog.health: MediaMTX is down. Restarting...
2026-02-10 18:06:10 [WARNING] app.streaming.mediamtx: MediaMTX not found at C:\Users\caram\OneDrive\Desktop\Cameras\tools\mediamtx\mediamtx.exe. Run setup.bat to download.
2026-02-10 18:06:40 [WARNING] app.watchdog.health: MediaMTX is down. Restarting...
2026-02-10 18:06:40 [WARNING] app.streaming.mediamtx: MediaMTX not found at C:\Users\caram\OneDrive\Desktop\Cameras\tools\mediamtx\mediamtx.exe. Run setup.bat to download.
2026-02-10 18:07:10 [WARNING] app.watchdog.health: MediaMTX is down. Restarting...
2026-02-10 18:07:10 [WARNING] app.streaming.mediamtx: MediaMTX not found at C:\Users\caram\OneDrive\Desktop\Cameras\tools\mediamtx\mediamtx.exe. Run setup.bat to download.
2026-02-10 18:07:40 [WARNING] app.watchdog.health: MediaMTX is down. Restarting...
2026-02-10 18:07:40 [WARNING] app.streaming.mediamtx: MediaMTX not found at C:\Users\caram\OneDrive\Desktop\Cameras\tools\mediamtx\mediamtx.exe. Run setup.bat to download.
2026-02-10 18:08:10 [WARNING] app.watchdog.health: MediaMTX is down. Restarting...
2026-02-10 18:08:10 [WARNING] app.streaming.mediamtx: MediaMTX not found at C:\Users\caram\OneDrive\Desktop\Cameras\tools\mediamtx\mediamtx.exe. Run setup.bat to download.
2026-02-10 18:08:40 [WARNING] app.watchdog.health: MediaMTX is down. Restarting...
2026-02-10 18:08:40 [WARNING] app.streaming.mediamtx: MediaMTX not found at C:\Users\caram\OneDrive\Desktop\Cameras\tools\mediamtx\mediamtx.exe. Run setup.bat to download.
2026-02-10 18:09:10 [WARNING] app.watchdog.health: MediaMTX is down. Restarting...
2026-02-10 18:09:10 [WARNING] app.streaming.mediamtx: MediaMTX not found at C:\Users\caram\OneDrive\Desktop\Cameras\tools\mediamtx\mediamtx.exe. Run setup.bat to download.
2026-02-10 18:09:40 [WARNING] app.watchdog.health: MediaMTX is down. Restarting...
2026-02-10 18:09:40 [WARNING] app.streaming.mediamtx: MediaMTX not found at C:\Users\caram\OneDrive\Desktop\Cameras\tools\mediamtx\mediamtx.exe. Run setup.bat to download.
2026-02-10 18:10:11 [WARNING] app.watchdog.health: MediaMTX is down. Restarting...
2026-02-10 18:10:11 [WARNING] app.streaming.mediamtx: MediaMTX not found at C:\Users\caram\OneDrive\Desktop\Cameras\tools\mediamtx\mediamtx.exe. Run setup.bat to download.
2026-02-10 18:10:41 [WARNING] app.watchdog.health: MediaMTX is down. Restarting...
2026-02-10 18:10:41 [WARNING] app.streaming.mediamtx: MediaMTX not found at C:\Users\caram\OneDrive\Desktop\Cameras\tools\mediamtx\mediamtx.exe. Run setup.bat to download.
2026-02-10 18:11:11 [WARNING] app.watchdog.health: MediaMTX is down. Restarting...
2026-02-10 18:11:11 [WARNING] app.streaming.mediamtx: MediaMTX not found at C:\Users\caram\OneDrive\Desktop\Cameras\tools\mediamtx\mediamtx.exe. Run setup.bat to download.
2026-02-10 18:11:41 [WARNING] app.watchdog.health: MediaMTX is down. Restarting...
2026-02-10 18:11:41 [WARNING] app.streaming.mediamtx: MediaMTX not found at C:\Users\caram\OneDrive\Desktop\Cameras\tools\mediamtx\mediamtx.exe. Run setup.bat to download.
2026-02-10 18:12:11 [WARNING] app.watchdog.health: MediaMTX is down. Restarting...
2026-02-10 18:12:11 [WARNING] app.streaming.mediamtx: MediaMTX not found at C:\Users\caram\OneDrive\Desktop\Cameras\tools\mediamtx\mediamtx.exe. Run setup.bat to download.
2026-02-10 18:12:41 [WARNING] app.watchdog.health: MediaMTX is down. Restarting...
2026-02-10 18:12:41 [WARNING] app.streaming.mediamtx: MediaMTX not found at C:\Users\caram\OneDrive\Desktop\Cameras\tools\mediamtx\mediamtx.exe. Run setup.bat to download.
2026-02-10 18:13:11 [WARNING] app.watchdog.health: MediaMTX is down. Restarting...
2026-02-10 18:13:11 [WARNING] app.streaming.mediamtx: MediaMTX not found at C:\Users\caram\OneDrive\Desktop\Cameras\tools\mediamtx\mediamtx.exe. Run setup.bat to download.
2026-02-10 18:13:41 [WARNING] app.watchdog.health: MediaMTX is down. Restarting...
2026-02-10 18:13:41 [WARNING] app.streaming.mediamtx: MediaMTX not found at C:\Users\caram\OneDrive\Desktop\Cameras\tools\mediamtx\mediamtx.exe. Run setup.bat to download.
2026-02-10 18:14:11 [WARNING] app.watchdog.health: MediaMTX is down. Restarting...
2026-02-10 18:14:11 [WARNING] app.streaming.mediamtx: MediaMTX not found at C:\Users\caram\OneDrive\Desktop\Cameras\tools\mediamtx\mediamtx.exe. Run setup.bat to download.
2026-02-10 18:14:41 [WARNING] app.watchdog.health: MediaMTX is down. Restarting...
2026-02-10 18:14:41 [WARNING] app.streaming.mediamtx: MediaMTX not found at C:\Users\caram\OneDrive\Desktop\Cameras\tools\mediamtx\mediamtx.exe. Run setup.bat to download.
2026-02-10 18:15:11 [WARNING] app.watchdog.health: MediaMTX is down. Restarting...
2026-02-10 18:15:11 [WARNING] app.streaming.mediamtx: MediaMTX not found at C:\Users\caram\OneDrive\Desktop\Cameras\tools\mediamtx\mediamtx.exe. Run setup.bat to download.
2026-02-10 18:15:41 [WARNING] app.watchdog.health: MediaMTX is down. Restarting...
2026-02-10 18:15:41 [WARNING] app.streaming.mediamtx: MediaMTX not found at C:\Users\caram\OneDrive\Desktop\Cameras\tools\mediamtx\mediamtx.exe. Run setup.bat to download.
2026-02-10 18:16:11 [WARNING] app.watchdog.health: MediaMTX is down. Restarting...
2026-02-10 18:16:11 [WARNING] app.streaming.mediamtx: MediaMTX not found at C:\Users\caram\OneDrive\Desktop\Cameras\tools\mediamtx\mediamtx.exe. Run setup.bat to download.
2026-02-10 18:16:41 [WARNING] app.watchdog.health: MediaMTX is down. Restarting...
2026-02-10 18:16:41 [WARNING] app.streaming.mediamtx: MediaMTX not found at C:\Users\caram\OneDrive\Desktop\Cameras\tools\mediamtx\mediamtx.exe. Run setup.bat to download.
2026-02-10 18:17:11 [WARNING] app.watchdog.health: MediaMTX is down. Restarting...
2026-02-10 18:17:11 [WARNING] app.streaming.mediamtx: MediaMTX not found at C:\Users\caram\OneDrive\Desktop\Cameras\tools\mediamtx\mediamtx.exe. Run setup.bat to download.
2026-02-10 18:17:41 [WARNING] app.watchdog.health: MediaMTX is down. Restarting...
2026-02-10 18:17:41 [WARNING] app.streaming.mediamtx: MediaMTX not found at C:\Users\caram\OneDrive\Desktop\Cameras\tools\mediamtx\mediamtx.exe. Run setup.bat to download.
2026-02-10 18:18:11 [WARNING] app.watchdog.health: MediaMTX is down. Restarting...
2026-02-10 18:18:11 [WARNING] app.streaming.mediamtx: MediaMTX not found at C:\Users\caram\OneDrive\Desktop\Cameras\tools\mediamtx\mediamtx.exe. Run setup.bat to download.
2026-02-10 18:18:41 [WARNING] app.watchdog.health: MediaMTX is down. Restarting...
2026-02-10 18:18:41 [WARNING] app.streaming.mediamtx: MediaMTX not found at C:\Users\caram\OneDrive\Desktop\Cameras\tools\mediamtx\mediamtx.exe. Run setup.bat to download.
2026-02-10 18:19:11 [WARNING] app.watchdog.health: MediaMTX is down. Restarting...
2026-02-10 18:19:11 [WARNING] app.streaming.mediamtx: MediaMTX not found at C:\Users\caram\OneDrive\Desktop\Cameras\tools\mediamtx\mediamtx.exe. Run setup.bat to download.
2026-02-10 18:19:41 [WARNING] app.watchdog.health: MediaMTX is down. Restarting...
2026-02-10 18:19:41 [WARNING] app.streaming.mediamtx: MediaMTX not found at C:\Users\caram\OneDrive\Desktop\Cameras\tools\mediamtx\mediamtx.exe. Run setup.bat to download.
2026-02-10 18:20:11 [WARNING] app.watchdog.health: MediaMTX is down. Restarting...
2026-02-10 18:20:11 [WARNING] app.streaming.mediamtx: MediaMTX not found at C:\Users\caram\OneDrive\Desktop\Cameras\tools\mediamtx\mediamtx.exe. Run setup.bat to download.
2026-02-10 18:20:41 [WARNING] app.watchdog.health: MediaMTX is down. Restarting...
2026-02-10 18:20:41 [WARNING] app.streaming.mediamtx: MediaMTX not found at C:\Users\caram\OneDrive\Desktop\Cameras\tools\mediamtx\mediamtx.exe. Run setup.bat to download.
2026-02-10 18:21:11 [WARNING] app.watchdog.health: MediaMTX is down. Restarting...
2026-02-10 18:21:11 [WARNING] app.streaming.mediamtx: MediaMTX not found at C:\Users\caram\OneDrive\Desktop\Cameras\tools\mediamtx\mediamtx.exe. Run setup.bat to download.
2026-02-10 18:21:41 [WARNING] app.watchdog.health: MediaMTX is down. Restarting...
2026-02-10 18:21:41 [WARNING] app.streaming.mediamtx: MediaMTX not found at C:\Users\caram\OneDrive\Desktop\Cameras\tools\mediamtx\mediamtx.exe. Run setup.bat to download.
2026-02-10 18:22:11 [WARNING] app.watchdog.health: MediaMTX is down. Restarting...
2026-02-10 18:22:11 [WARNING] app.streaming.mediamtx: MediaMTX not found at C:\Users\caram\OneDrive\Desktop\Cameras\tools\mediamtx\mediamtx.exe. Run setup.bat to download.
2026-02-10 18:22:41 [WARNING] app.watchdog.health: MediaMTX is down. Restarting...
2026-02-10 18:22:41 [WARNING] app.streaming.mediamtx: MediaMTX not found at C:\Users\caram\OneDrive\Desktop\Cameras\tools\mediamtx\mediamtx.exe. Run setup.bat to download.
2026-02-10 18:23:11 [WARNING] app.watchdog.health: MediaMTX is down. Restarting...
2026-02-10 18:23:11 [WARNING] app.streaming.mediamtx: MediaMTX not found at C:\Users\caram\OneDrive\Desktop\Cameras\tools\mediamtx\mediamtx.exe. Run setup.bat to download.
2026-02-10 18:23:41 [WARNING] app.watchdog.health: MediaMTX is down. Restarting...
2026-02-10 18:23:41 [WARNING] app.streaming.mediamtx: MediaMTX not found at C:\Users\caram\OneDrive\Desktop\Cameras\tools\mediamtx\mediamtx.exe. Run setup.bat to download.
2026-02-10 18:24:11 [WARNING] app.watchdog.health: MediaMTX is down. Restarting...
2026-02-10 18:24:11 [WARNING] app.streaming.mediamtx: MediaMTX not found at C:\Users\caram\OneDrive\Desktop\Cameras\tools\mediamtx\mediamtx.exe. Run setup.bat to download.
2026-02-10 18:24:41 [WARNING] app.watchdog.health: MediaMTX is down. Restarting...
2026-02-10 18:24:41 [WARNING] app.streaming.mediamtx: MediaMTX not found at C:\Users\caram\OneDrive\Desktop\Cameras\tools\mediamtx\mediamtx.exe. Run setup.bat to download.
2026-02-10 18:25:11 [WARNING] app.watchdog.health: MediaMTX is down. Restarting...
2026-02-10 18:25:11 [WARNING] app.streaming.mediamtx: MediaMTX not found at C:\Users\caram\OneDrive\Desktop\Cameras\tools\mediamtx\mediamtx.exe. Run setup.bat to download.
2026-02-10 18:25:41 [WARNING] app.watchdog.health: MediaMTX is down. Restarting...
2026-02-10 18:25:41 [WARNING] app.streaming.mediamtx: MediaMTX not found at C:\Users\caram\OneDrive\Desktop\Cameras\tools\mediamtx\mediamtx.exe. Run setup.bat to download.
2026-02-10 18:26:11 [WARNING] app.watchdog.health: MediaMTX is down. Restarting...
2026-02-10 18:26:11 [WARNING] app.streaming.mediamtx: MediaMTX not found at C:\Users\caram\OneDrive\Desktop\Cameras\tools\mediamtx\mediamtx.exe. Run setup.bat to download.
2026-02-10 18:26:41 [WARNING] app.watchdog.health: MediaMTX is down. Restarting...
2026-02-10 18:26:41 [WARNING] app.streaming.mediamtx: MediaMTX not found at C:\Users\caram\OneDrive\Desktop\Cameras\tools\mediamtx\mediamtx.exe. Run setup.bat to download.
2026-02-10 18:27:11 [WARNING] app.watchdog.health: MediaMTX is down. Restarting...
2026-02-10 18:27:11 [WARNING] app.streaming.mediamtx: MediaMTX not found at C:\Users\caram\OneDrive\Desktop\Cameras\tools\mediamtx\mediamtx.exe. Run setup.bat to download.
2026-02-10 18:27:41 [WARNING] app.watchdog.health: MediaMTX is down. Restarting...
2026-02-10 18:27:41 [WARNING] app.streaming.mediamtx: MediaMTX not found at C:\Users\caram\OneDrive\Desktop\Cameras\tools\mediamtx\mediamtx.exe. Run setup.bat to download.
2026-02-10 18:28:11 [WARNING] app.watchdog.health: MediaMTX is down. Restarting...
2026-02-10 18:28:11 [WARNING] app.streaming.mediamtx: MediaMTX not found at C:\Users\caram\OneDrive\Desktop\Cameras\tools\mediamtx\mediamtx.exe. Run setup.bat to download.
2026-02-10 18:28:41 [WARNING] app.watchdog.health: MediaMTX is down. Restarting...
2026-02-10 18:28:41 [WARNING] app.streaming.mediamtx: MediaMTX not found at C:\Users\caram\OneDrive\Desktop\Cameras\tools\mediamtx\mediamtx.exe. Run setup.bat to download.
2026-02-10 18:29:11 [WARNING] app.watchdog.health: MediaMTX is down. Restarting...
2026-02-10 18:29:11 [WARNING] app.streaming.mediamtx: MediaMTX not found at C:\Users\caram\OneDrive\Desktop\Cameras\tools\mediamtx\mediamtx.exe. Run setup.bat to download.
2026-02-10 18:29:41 [WARNING] app.watchdog.health: MediaMTX is down. Restarting...
2026-02-10 18:29:41 [WARNING] app.streaming.mediamtx: MediaMTX not found at C:\Users\caram\OneDrive\Desktop\Cameras\tools\mediamtx\mediamtx.exe. Run setup.bat to download.
2026-02-10 18:30:11 [WARNING] app.watchdog.health: MediaMTX is down. Restarting...
2026-02-10 18:30:11 [WARNING] app.streaming.mediamtx: MediaMTX not found at C:\Users\caram\OneDrive\Desktop\Cameras\tools\mediamtx\mediamtx.exe. Run setup.bat to download.
2026-02-10 18:30:41 [WARNING] app.watchdog.health: MediaMTX is down. Restarting...
2026-02-10 18:30:41 [WARNING] app.streaming.mediamtx: MediaMTX not found at C:\Users\caram\OneDrive\Desktop\Cameras\tools\mediamtx\mediamtx.exe. Run setup.bat to download.
2026-02-10 18:31:11 [WARNING] app.watchdog.health: MediaMTX is down. Restarting...
2026-02-10 18:31:11 [WARNING] app.streaming.mediamtx: MediaMTX not found at C:\Users\caram\OneDrive\Desktop\Cameras\tools\mediamtx\mediamtx.exe. Run setup.bat to download.
2026-02-10 18:31:41 [WARNING] app.watchdog.health: MediaMTX is down. Restarting...
2026-02-10 18:31:41 [WARNING] app.streaming.mediamtx: MediaMTX not found at C:\Users\caram\OneDrive\Desktop\Cameras\tools\mediamtx\mediamtx.exe. Run setup.bat to download.
2026-02-10 18:32:11 [WARNING] app.watchdog.health: MediaMTX is down. Restarting...
2026-02-10 18:32:11 [WARNING] app.streaming.mediamtx: MediaMTX not found at C:\Users\caram\OneDrive\Desktop\Cameras\tools\mediamtx\mediamtx.exe. Run setup.bat to download.
2026-02-10 18:32:41 [WARNING] app.watchdog.health: MediaMTX is down. Restarting...
2026-02-10 18:32:41 [WARNING] app.streaming.mediamtx: MediaMTX not found at C:\Users\caram\OneDrive\Desktop\Cameras\tools\mediamtx\mediamtx.exe. Run setup.bat to download.
2026-02-10 18:33:11 [WARNING] app.watchdog.health: MediaMTX is down. Restarting...
2026-02-10 18:33:11 [WARNING] app.streaming.mediamtx: MediaMTX not found at C:\Users\caram\OneDrive\Desktop\Cameras\tools\mediamtx\mediamtx.exe. Run setup.bat to download.
2026-02-10 18:33:41 [WARNING] app.watchdog.health: MediaMTX is down. Restarting...
2026-02-10 18:33:41 [WARNING] app.streaming.mediamtx: MediaMTX not found at C:\Users\caram\OneDrive\Desktop\Cameras\tools\mediamtx\mediamtx.exe. Run setup.bat to download.
2026-02-10 21:38:59 [WARNING] app.watchdog.health: MediaMTX is down. Restarting...
2026-02-10 21:38:59 [WARNING] app.streaming.mediamtx: MediaMTX not found at C:\Users\caram\OneDrive\Desktop\Cameras\tools\mediamtx\mediamtx.exe. Run setup.bat to download.
2026-02-10 21:39:30 [WARNING] app.watchdog.health: MediaMTX is down. Restarting...
2026-02-10 21:39:30 [WARNING] app.streaming.mediamtx: MediaMTX not found at C:\Users\caram\OneDrive\Desktop\Cameras\tools\mediamtx\mediamtx.exe. Run setup.bat to download.
2026-02-10 21:40:00 [WARNING] app.watchdog.health: MediaMTX is down. Restarting...
2026-02-10 21:40:00 [WARNING] app.streaming.mediamtx: MediaMTX not found at C:\Users\caram\OneDrive\Desktop\Cameras\tools\mediamtx\mediamtx.exe. Run setup.bat to download.
2026-02-10 21:40:30 [WARNING] app.watchdog.health: MediaMTX is down. Restarting...
2026-02-10 21:40:30 [WARNING] app.streaming.mediamtx: MediaMTX not found at C:\Users\caram\OneDrive\Desktop\Cameras\tools\mediamtx\mediamtx.exe. Run setup.bat to download.
2026-02-10 21:41:00 [WARNING] app.watchdog.health: MediaMTX is down. Restarting...
2026-02-10 21:41:00 [WARNING] app.streaming.mediamtx: MediaMTX not found at C:\Users\caram\OneDrive\Desktop\Cameras\tools\mediamtx\mediamtx.exe. Run setup.bat to download.
2026-02-10 21:41:30 [WARNING] app.watchdog.health: MediaMTX is down. Restarting...
2026-02-10 21:41:30 [WARNING] app.streaming.mediamtx: MediaMTX not found at C:\Users\caram\OneDrive\Desktop\Cameras\tools\mediamtx\mediamtx.exe. Run setup.bat to download.
2026-02-10 21:42:00 [WARNING] app.watchdog.health: MediaMTX is down. Restarting...
2026-02-10 21:42:00 [WARNING] app.streaming.mediamtx: MediaMTX not found at C:\Users\caram\OneDrive\Desktop\Cameras\tools\mediamtx\mediamtx.exe. Run setup.bat to download.
2026-02-10 21:42:30 [WARNING] app.watchdog.health: MediaMTX is down. Restarting...
2026-02-10 21:42:30 [WARNING] app.streaming.mediamtx: MediaMTX not found at C:\Users\caram\OneDrive\Desktop\Cameras\tools\mediamtx\mediamtx.exe. Run setup.bat to download.
2026-02-10 21:43:00 [WARNING] app.watchdog.health: MediaMTX is down. Restarting...
2026-02-10 21:43:00 [WARNING] app.streaming.mediamtx: MediaMTX not found at C:\Users\caram\OneDrive\Desktop\Cameras\tools\mediamtx\mediamtx.exe. Run setup.bat to download.
2026-02-10 21:43:30 [WARNING] app.watchdog.health: MediaMTX is down. Restarting...
2026-02-10 21:43:30 [WARNING] app.streaming.mediamtx: MediaMTX not found at C:\Users\caram\OneDrive\Desktop\Cameras\tools\mediamtx\mediamtx.exe. Run setup.bat to download.
2026-02-10 21:48:54 [WARNING] app.watchdog.health: MediaMTX is down. Restarting...
2026-02-10 21:48:55 [WARNING] app.streaming.mediamtx: MediaMTX not found at C:\Users\caram\OneDrive\Desktop\Cameras\tools\mediamtx\mediamtx.exe. Run setup.bat to download.
2026-02-10 21:49:25 [WARNING] app.watchdog.health: MediaMTX is down. Restarting...
2026-02-10 21:49:25 [WARNING] app.streaming.mediamtx: MediaMTX not found at C:\Users\caram\OneDrive\Desktop\Cameras\tools\mediamtx\mediamtx.exe. Run setup.bat to download.
2026-02-10 21:49:55 [WARNING] app.watchdog.health: MediaMTX is down. Restarting...
2026-02-10 21:49:55 [WARNING] app.streaming.mediamtx: MediaMTX not found at C:\Users\caram\OneDrive\Desktop\Cameras\tools\mediamtx\mediamtx.exe. Run setup.bat to download.
